# JRE version: OpenJDK Runtime Environment (8.0_152-b01) (build 1.8.0_152-release-915-b01)
# Java VM: OpenJDK 64-Bit Server VM (25.152-b01 mixed mode linux-amd64 compressed oops)
Heap:
 PSYoungGen      total 113152K, used 11254K [0x00000000e0000000, 0x00000000e7980000, 0x0000000100000000)
  eden space 101888K, 0% used [0x00000000e0000000,0x00000000e0000000,0x00000000e6380000)
  from space 11264K, 99% used [0x00000000e6380000,0x00000000e6e7d900,0x00000000e6e80000)
  to   space 11264K, 0% used [0x00000000e6e80000,0x00000000e6e80000,0x00000000e7980000)
 ParOldGen       total 56832K, used 15153K [0x00000000a0000000, 0x00000000a3780000, 0x00000000e0000000)
  object space 56832K, 26% used [0x00000000a0000000,0x00000000a0ecc780,0x00000000a3780000)
 Metaspace       used 43012K, capacity 43834K, committed 44248K, reserved 1087488K
  class space    used 5731K, capacity 6049K, committed 6144K, reserved 1048576K
GC Heap History (10 events):
Event: 127.822 GC heap after
Heap after GC invocations=8 (full 1):
 PSYoungGen      total 42496K, used 6845K [0x00000000e0000000, 0x00000000e5300000, 0x0000000100000000)
  eden space 31744K, 0% used [0x00000000e0000000,0x00000000e0000000,0x00000000e1f00000)
  from space 10752K, 63% used [0x00000000e1f00000,0x00000000e25af648,0x00000000e2980000)
  to   space 10752K, 0% used [0x00000000e4880000,0x00000000e4880000,0x00000000e5300000)
 ParOldGen       total 46592K, used 9269K [0x00000000a0000000, 0x00000000a2d80000, 0x00000000e0000000)
  object space 46592K, 19% used [0x00000000a0000000,0x00000000a090d678,0x00000000a2d80000)
 Metaspace       used 27763K, capacity 28404K, committed 28800K, reserved 1073152K
  class space    used 3864K, capacity 4112K, committed 4224K, reserved 1048576K
}
Event: 128.182 GC heap before
{Heap before GC invocations=9 (full 1):
 PSYoungGen      total 42496K, used 38589K [0x00000000e0000000, 0x00000000e5300000, 0x0000000100000000)
  eden space 31744K, 100% used [0x00000000e0000000,0x00000000e1f00000,0x00000000e1f00000)
  from space 10752K, 63% used [0x00000000e1f00000,0x00000000e25af648,0x00000000e2980000)
  to   space 10752K, 0% used [0x00000000e4880000,0x00000000e4880000,0x00000000e5300000)
 ParOldGen       total 46592K, used 9269K [0x00000000a0000000, 0x00000000a2d80000, 0x00000000e0000000)
  object space 46592K, 19% used [0x00000000a0000000,0x00000000a090d678,0x00000000a2d80000)
 Metaspace       used 30895K, capacity 31496K, committed 31744K, reserved 1077248K
  class space    used 4288K, capacity 4547K, committed 4608K, reserved 1048576K
Event: 128.190 GC heap after
Heap after GC invocations=9 (full 1):
 PSYoungGen      total 74240K, used 7661K [0x00000000e0000000, 0x00000000e5300000, 0x0000000100000000)
  eden space 63488K, 0% used [0x00000000e0000000,0x00000000e0000000,0x00000000e3e00000)
  from space 10752K, 71% used [0x00000000e4880000,0x00000000e4ffb780,0x00000000e5300000)
  to   space 10752K, 0% used [0x00000000e3e00000,0x00000000e3e00000,0x00000000e4880000)
 ParOldGen       total 46592K, used 9277K [0x00000000a0000000, 0x00000000a2d80000, 0x00000000e0000000)
  object space 46592K, 19% used [0x00000000a0000000,0x00000000a090f678,0x00000000a2d80000)
 Metaspace       used 30895K, capacity 31496K, committed 31744K, reserved 1077248K
  class space    used 4288K, capacity 4547K, committed 4608K, reserved 1048576K
}
Event: 129.063 GC heap before
{Heap before GC invocations=10 (full 1):
 PSYoungGen      total 74240K, used 71149K [0x00000000e0000000, 0x00000000e5300000, 0x0000000100000000)
  eden space 63488K, 100% used [0x00000000e0000000,0x00000000e3e00000,0x00000000e3e00000)
  from space 10752K, 71% used [0x00000000e4880000,0x00000000e4ffb780,0x00000000e5300000)
  to   space 10752K, 0% used [0x00000000e3e00000,0x00000000e3e00000,0x00000000e4880000)
 ParOldGen       total 46592K, used 9277K [0x00000000a0000000, 0x00000000a2d80000, 0x00000000e0000000)
  object space 46592K, 19% used [0x00000000a0000000,0x00000000a090f678,0x00000000a2d80000)
 Metaspace       used 34454K, capacity 35152K, committed 35416K, reserved 1079296K
  class space    used 4671K, capacity 4952K, committed 4992K, reserved 1048576K
Event: 129.072 GC heap after
Heap after GC invocations=10 (full 1):
 PSYoungGen      total 74240K, used 8242K [0x00000000e0000000, 0x00000000e7980000, 0x0000000100000000)
  eden space 63488K, 0% used [0x00000000e0000000,0x00000000e0000000,0x00000000e3e00000)
  from space 10752K, 76% used [0x00000000e3e00000,0x00000000e460cbc8,0x00000000e4880000)
  to   space 11264K, 0% used [0x00000000e6e80000,0x00000000e6e80000,0x00000000e7980000)
 ParOldGen       total 46592K, used 12193K [0x00000000a0000000, 0x00000000a2d80000, 0x00000000e0000000)
  object space 46592K, 26% used [0x00000000a0000000,0x00000000a0be8648,0x00000000a2d80000)
 Metaspace       used 34454K, capacity 35152K, committed 35416K, reserved 1079296K
  class space    used 4671K, capacity 4952K, committed 4992K, reserved 1048576K
}
Event: 129.086 GC heap before
{Heap before GC invocations=11 (full 1):
 PSYoungGen      total 74240K, used 9551K [0x00000000e0000000, 0x00000000e7980000, 0x0000000100000000)
  eden space 63488K, 2% used [0x00000000e0000000,0x00000000e0147368,0x00000000e3e00000)
  from space 10752K, 76% used [0x00000000e3e00000,0x00000000e460cbc8,0x00000000e4880000)
  to   space 11264K, 0% used [0x00000000e6e80000,0x00000000e6e80000,0x00000000e7980000)
 ParOldGen       total 46592K, used 12193K [0x00000000a0000000, 0x00000000a2d80000, 0x00000000e0000000)
  object space 46592K, 26% used [0x00000000a0000000,0x00000000a0be8648,0x00000000a2d80000)
 Metaspace       used 34554K, capacity 35328K, committed 35416K, reserved 1079296K
  class space    used 4685K, capacity 4992K, committed 4992K, reserved 1048576K
Event: 129.089 GC heap after
Heap after GC invocations=11 (full 1):
 PSYoungGen      total 113152K, used 2979K [0x00000000e0000000, 0x00000000e7980000, 0x0000000100000000)
  eden space 101888K, 0% used [0x00000000e0000000,0x00000000e0000000,0x00000000e6380000)
  from space 11264K, 26% used [0x00000000e6e80000,0x00000000e7168e00,0x00000000e7980000)
  to   space 11264K, 0% used [0x00000000e6380000,0x00000000e6380000,0x00000000e6e80000)
 ParOldGen       total 46592K, used 15329K [0x00000000a0000000, 0x00000000a2d80000, 0x00000000e0000000)
  object space 46592K, 32% used [0x00000000a0000000,0x00000000a0ef86b8,0x00000000a2d80000)
 Metaspace       used 34554K, capacity 35328K, committed 35416K, reserved 1079296K
  class space    used 4685K, capacity 4992K, committed 4992K, reserved 1048576K
}
Event: 129.089 GC heap before
{Heap before GC invocations=12 (full 2):
 PSYoungGen      total 113152K, used 2979K [0x00000000e0000000, 0x00000000e7980000, 0x0000000100000000)
  eden space 101888K, 0% used [0x00000000e0000000,0x00000000e0000000,0x00000000e6380000)
  from space 11264K, 26% used [0x00000000e6e80000,0x00000000e7168e00,0x00000000e7980000)
  to   space 11264K, 0% used [0x00000000e6380000,0x00000000e6380000,0x00000000e6e80000)
 ParOldGen       total 46592K, used 15329K [0x00000000a0000000, 0x00000000a2d80000, 0x00000000e0000000)
  object space 46592K, 32% used [0x00000000a0000000,0x00000000a0ef86b8,0x00000000a2d80000)
 Metaspace       used 34554K, capacity 35328K, committed 35416K, reserved 1079296K
  class space    used 4685K, capacity 4992K, committed 4992K, reserved 1048576K
Event: 129.133 GC heap after
Heap after GC invocations=12 (full 2):
 PSYoungGen      total 113152K, used 0K [0x00000000e0000000, 0x00000000e7980000, 0x0000000100000000)
  eden space 101888K, 0% used [0x00000000e0000000,0x00000000e0000000,0x00000000e6380000)
  from space 11264K, 0% used [0x00000000e6e80000,0x00000000e6e80000,0x00000000e7980000)
  to   space 11264K, 0% used [0x00000000e6380000,0x00000000e6380000,0x00000000e6e80000)
 ParOldGen       total 56832K, used 15090K [0x00000000a0000000, 0x00000000a3780000, 0x00000000e0000000)
  object space 56832K, 26% used [0x00000000a0000000,0x00000000a0ebc8b0,0x00000000a3780000)
 Metaspace       used 34527K, capacity 35240K, committed 35416K, reserved 1079296K
  class space    used 4677K, capacity 4984K, committed 4992K, reserved 1048576K
}
Event: 130.086 GC heap before
{Heap before GC invocations=13 (full 2):
 PSYoungGen      total 113152K, used 101888K [0x00000000e0000000, 0x00000000e7980000, 0x0000000100000000)
  eden space 101888K, 100% used [0x00000000e0000000,0x00000000e6380000,0x00000000e6380000)
  from space 11264K, 0% used [0x00000000e6e80000,0x00000000e6e80000,0x00000000e7980000)
  to   space 11264K, 0% used [0x00000000e6380000,0x00000000e6380000,0x00000000e6e80000)
 ParOldGen       total 56832K, used 15090K [0x00000000a0000000, 0x00000000a3780000, 0x00000000e0000000)
  object space 56832K, 26% used [0x00000000a0000000,0x00000000a0ebc8b0,0x00000000a3780000)
 Metaspace       used 43012K, capacity 43834K, committed 44248K, reserved 1087488K
  class space    used 5731K, capacity 6049K, committed 6144K, reserved 1048576K

