# JRE version: OpenJDK Runtime Environment (8.0_152-b01) (build 1.8.0_152-release-915-b01)
# Java VM: OpenJDK 64-Bit Server VM (25.152-b01 mixed mode linux-amd64 compressed oops)
Heap:
 PSYoungGen      total 288256K, used 17431K [0x00000000e0000000, 0x00000000f2e00000, 0x0000000100000000)
  eden space 268288K, 0% used [0x00000000e0000000,0x00000000e0000000,0x00000000f0600000)
  from space 19968K, 87% used [0x00000000f0600000,0x00000000f1705de0,0x00000000f1980000)
  to   space 15872K, 0% used [0x00000000f1980000,0x00000000f1980000,0x00000000f2900000)
 ParOldGen       total 68096K, used 41025K [0x00000000a0000000, 0x00000000a4280000, 0x00000000e0000000)
  object space 68096K, 60% used [0x00000000a0000000,0x00000000a2810490,0x00000000a4280000)
 Metaspace       used 56692K, capacity 58980K, committed 59028K, reserved 1099776K
  class space    used 7744K, capacity 8332K, committed 8380K, reserved 1048576K
GC Heap History (10 events):
Event: 226.747 GC heap after
Heap after GC invocations=8 (full 1):
 PSYoungGen      total 134656K, used 10208K [0x00000000e0000000, 0x00000000ecd80000, 0x0000000100000000)
  eden space 124416K, 0% used [0x00000000e0000000,0x00000000e0000000,0x00000000e7980000)
  from space 10240K, 99% used [0x00000000e7980000,0x00000000e8378110,0x00000000e8380000)
  to   space 12288K, 0% used [0x00000000ec180000,0x00000000ec180000,0x00000000ecd80000)
 ParOldGen       total 51200K, used 7989K [0x00000000a0000000, 0x00000000a3200000, 0x00000000e0000000)
  object space 51200K, 15% used [0x00000000a0000000,0x00000000a07cd658,0x00000000a3200000)
 Metaspace       used 31996K, capacity 32646K, committed 32896K, reserved 1077248K
  class space    used 4396K, capacity 4652K, committed 4736K, reserved 1048576K
}
Event: 227.104 GC heap before
{Heap before GC invocations=9 (full 1):
 PSYoungGen      total 134656K, used 31141K [0x00000000e0000000, 0x00000000ecd80000, 0x0000000100000000)
  eden space 124416K, 16% used [0x00000000e0000000,0x00000000e1471618,0x00000000e7980000)
  from space 10240K, 99% used [0x00000000e7980000,0x00000000e8378110,0x00000000e8380000)
  to   space 12288K, 0% used [0x00000000ec180000,0x00000000ec180000,0x00000000ecd80000)
 ParOldGen       total 51200K, used 7989K [0x00000000a0000000, 0x00000000a3200000, 0x00000000e0000000)
  object space 51200K, 15% used [0x00000000a0000000,0x00000000a07cd658,0x00000000a3200000)
 Metaspace       used 34583K, capacity 35360K, committed 35416K, reserved 1079296K
  class space    used 4678K, capacity 4960K, committed 4992K, reserved 1048576K
Event: 227.124 GC heap after
Heap after GC invocations=9 (full 1):
 PSYoungGen      total 197632K, used 10118K [0x00000000e0000000, 0x00000000ee680000, 0x0000000100000000)
  eden space 185344K, 0% used [0x00000000e0000000,0x00000000e0000000,0x00000000eb500000)
  from space 12288K, 82% used [0x00000000ec180000,0x00000000ecb619b0,0x00000000ecd80000)
  to   space 12800K, 0% used [0x00000000eb500000,0x00000000eb500000,0x00000000ec180000)
 ParOldGen       total 51200K, used 7997K [0x00000000a0000000, 0x00000000a3200000, 0x00000000e0000000)
  object space 51200K, 15% used [0x00000000a0000000,0x00000000a07cf658,0x00000000a3200000)
 Metaspace       used 34583K, capacity 35360K, committed 35416K, reserved 1079296K
  class space    used 4678K, capacity 4960K, committed 4992K, reserved 1048576K
}
Event: 227.124 GC heap before
{Heap before GC invocations=10 (full 2):
 PSYoungGen      total 197632K, used 10118K [0x00000000e0000000, 0x00000000ee680000, 0x0000000100000000)
  eden space 185344K, 0% used [0x00000000e0000000,0x00000000e0000000,0x00000000eb500000)
  from space 12288K, 82% used [0x00000000ec180000,0x00000000ecb619b0,0x00000000ecd80000)
  to   space 12800K, 0% used [0x00000000eb500000,0x00000000eb500000,0x00000000ec180000)
 ParOldGen       total 51200K, used 7997K [0x00000000a0000000, 0x00000000a3200000, 0x00000000e0000000)
  object space 51200K, 15% used [0x00000000a0000000,0x00000000a07cf658,0x00000000a3200000)
 Metaspace       used 34583K, capacity 35360K, committed 35416K, reserved 1079296K
  class space    used 4678K, capacity 4960K, committed 4992K, reserved 1048576K
Event: 227.186 GC heap after
Heap after GC invocations=10 (full 2):
 PSYoungGen      total 197632K, used 0K [0x00000000e0000000, 0x00000000ee680000, 0x0000000100000000)
  eden space 185344K, 0% used [0x00000000e0000000,0x00000000e0000000,0x00000000eb500000)
  from space 12288K, 0% used [0x00000000ec180000,0x00000000ec180000,0x00000000ecd80000)
  to   space 12800K, 0% used [0x00000000eb500000,0x00000000eb500000,0x00000000ec180000)
 ParOldGen       total 68096K, used 16771K [0x00000000a0000000, 0x00000000a4280000, 0x00000000e0000000)
  object space 68096K, 24% used [0x00000000a0000000,0x00000000a1060df0,0x00000000a4280000)
 Metaspace       used 34557K, capacity 35272K, committed 35416K, reserved 1079296K
  class space    used 4671K, capacity 4952K, committed 4992K, reserved 1048576K
}
Event: 229.013 GC heap before
{Heap before GC invocations=11 (full 2):
 PSYoungGen      total 197632K, used 185344K [0x00000000e0000000, 0x00000000ee680000, 0x0000000100000000)
  eden space 185344K, 100% used [0x00000000e0000000,0x00000000eb500000,0x00000000eb500000)
  from space 12288K, 0% used [0x00000000ec180000,0x00000000ec180000,0x00000000ecd80000)
  to   space 12800K, 0% used [0x00000000eb500000,0x00000000eb500000,0x00000000ec180000)
 ParOldGen       total 68096K, used 16771K [0x00000000a0000000, 0x00000000a4280000, 0x00000000e0000000)
  object space 68096K, 24% used [0x00000000a0000000,0x00000000a1060df0,0x00000000a4280000)
 Metaspace       used 48134K, capacity 49168K, committed 49240K, reserved 1091584K
  class space    used 6413K, capacity 6768K, committed 6784K, reserved 1048576K
Event: 229.030 GC heap after
Heap after GC invocations=11 (full 2):
 PSYoungGen      total 198144K, used 12779K [0x00000000e0000000, 0x00000000f2900000, 0x0000000100000000)
  eden space 185344K, 0% used [0x00000000e0000000,0x00000000e0000000,0x00000000eb500000)
  from space 12800K, 99% used [0x00000000eb500000,0x00000000ec17ac68,0x00000000ec180000)
  to   space 15872K, 0% used [0x00000000f1980000,0x00000000f1980000,0x00000000f2900000)
 ParOldGen       total 68096K, used 20575K [0x00000000a0000000, 0x00000000a4280000, 0x00000000e0000000)
  object space 68096K, 30% used [0x00000000a0000000,0x00000000a1417c08,0x00000000a4280000)
 Metaspace       used 48134K, capacity 49168K, committed 49240K, reserved 1091584K
  class space    used 6413K, capacity 6768K, committed 6784K, reserved 1048576K
}
Event: 230.314 GC heap before
{Heap before GC invocations=12 (full 2):
 PSYoungGen      total 198144K, used 198123K [0x00000000e0000000, 0x00000000f2900000, 0x0000000100000000)
  eden space 185344K, 100% used [0x00000000e0000000,0x00000000eb500000,0x00000000eb500000)
  from space 12800K, 99% used [0x00000000eb500000,0x00000000ec17ac68,0x00000000ec180000)
  to   space 15872K, 0% used [0x00000000f1980000,0x00000000f1980000,0x00000000f2900000)
 ParOldGen       total 68096K, used 20575K [0x00000000a0000000, 0x00000000a4280000, 0x00000000e0000000)
  object space 68096K, 30% used [0x00000000a0000000,0x00000000a1417c08,0x00000000a4280000)
 Metaspace       used 52598K, capacity 54228K, committed 54360K, reserved 1095680K
  class space    used 7060K, capacity 7514K, committed 7552K, reserved 1048576K
Event: 230.333 GC heap after
Heap after GC invocations=12 (full 2):
 PSYoungGen      total 284160K, used 15841K [0x00000000e0000000, 0x00000000f2e00000, 0x0000000100000000)
  eden space 268288K, 0% used [0x00000000e0000000,0x00000000e0000000,0x00000000f0600000)
  from space 15872K, 99% used [0x00000000f1980000,0x00000000f28f86f0,0x00000000f2900000)
  to   space 19968K, 0% used [0x00000000f0600000,0x00000000f0600000,0x00000000f1980000)
 ParOldGen       total 68096K, used 26058K [0x00000000a0000000, 0x00000000a4280000, 0x00000000e0000000)
  object space 68096K, 38% used [0x00000000a0000000,0x00000000a1972880,0x00000000a4280000)
 Metaspace       used 52598K, capacity 54228K, committed 54360K, reserved 1095680K
  class space    used 7060K, capacity 7514K, committed 7552K, reserved 1048576K
}
Event: 231.230 GC heap before
{Heap before GC invocations=13 (full 2):
 PSYoungGen      total 284160K, used 161162K [0x00000000e0000000, 0x00000000f2e00000, 0x0000000100000000)
  eden space 268288K, 54% used [0x00000000e0000000,0x00000000e8dea370,0x00000000f0600000)
  from space 15872K, 99% used [0x00000000f1980000,0x00000000f28f86f0,0x00000000f2900000)
  to   space 19968K, 0% used [0x00000000f0600000,0x00000000f0600000,0x00000000f1980000)
 ParOldGen       total 68096K, used 26058K [0x00000000a0000000, 0x00000000a4280000, 0x00000000e0000000)
  object space 68096K, 38% used [0x00000000a0000000,0x00000000a1972880,0x00000000a4280000)
 Metaspace       used 56692K, capacity 58980K, committed 59028K, reserved 1099776K
  class space    used 7744K, capacity 8332K, committed 8380K, reserved 1048576K

