# JRE version: OpenJDK Runtime Environment (8.0_152-b01) (build 1.8.0_152-release-915-b01)
# Java VM: OpenJDK 64-Bit Server VM (25.152-b01 mixed mode linux-amd64 compressed oops)
Heap:
 PSYoungGen      total 123392K, used 10209K [0x00000000e0000000, 0x00000000e8d80000, 0x0000000100000000)
  eden space 113152K, 0% used [0x00000000e0000000,0x00000000e0000000,0x00000000e6e80000)
  from space 10240K, 99% used [0x00000000e7980000,0x00000000e8378600,0x00000000e8380000)
  to   space 7168K, 0% used [0x00000000e8680000,0x00000000e8680000,0x00000000e8d80000)
 ParOldGen       total 50176K, used 8909K [0x00000000a0000000, 0x00000000a3100000, 0x00000000e0000000)
  object space 50176K, 17% used [0x00000000a0000000,0x00000000a08b3488,0x00000000a3100000)
 Metaspace       used 33041K, capacity 33670K, committed 33792K, reserved 1079296K
  class space    used 4519K, capacity 4780K, committed 4864K, reserved 1048576K
GC Heap History (10 events):
Event: 1.065 GC heap after
Heap after GC invocations=3 (full 0):
 PSYoungGen      total 36864K, used 5119K [0x00000000e0000000, 0x00000000e4800000, 0x0000000100000000)
  eden space 31744K, 0% used [0x00000000e0000000,0x00000000e0000000,0x00000000e1f00000)
  from space 5120K, 99% used [0x00000000e1f00000,0x00000000e23ffc60,0x00000000e2400000)
  to   space 5120K, 0% used [0x00000000e4300000,0x00000000e4300000,0x00000000e4800000)
 ParOldGen       total 84992K, used 3543K [0x00000000a0000000, 0x00000000a5300000, 0x00000000e0000000)
  object space 84992K, 4% used [0x00000000a0000000,0x00000000a0375dd8,0x00000000a5300000)
 Metaspace       used 14999K, capacity 15266K, committed 15616K, reserved 1062912K
  class space    used 2131K, capacity 2247K, committed 2304K, reserved 1048576K
}
Event: 1.509 GC heap before
{Heap before GC invocations=4 (full 0):
 PSYoungGen      total 36864K, used 36863K [0x00000000e0000000, 0x00000000e4800000, 0x0000000100000000)
  eden space 31744K, 100% used [0x00000000e0000000,0x00000000e1f00000,0x00000000e1f00000)
  from space 5120K, 99% used [0x00000000e1f00000,0x00000000e23ffc60,0x00000000e2400000)
  to   space 5120K, 0% used [0x00000000e4300000,0x00000000e4300000,0x00000000e4800000)
 ParOldGen       total 84992K, used 3543K [0x00000000a0000000, 0x00000000a5300000, 0x00000000e0000000)
  object space 84992K, 4% used [0x00000000a0000000,0x00000000a0375dd8,0x00000000a5300000)
 Metaspace       used 20601K, capacity 21046K, committed 21248K, reserved 1067008K
  class space    used 2862K, capacity 3034K, committed 3072K, reserved 1048576K
Event: 1.516 GC heap after
Heap after GC invocations=4 (full 0):
 PSYoungGen      total 68608K, used 5108K [0x00000000e0000000, 0x00000000e4800000, 0x0000000100000000)
  eden space 63488K, 0% used [0x00000000e0000000,0x00000000e0000000,0x00000000e3e00000)
  from space 5120K, 99% used [0x00000000e4300000,0x00000000e47fd050,0x00000000e4800000)
  to   space 5120K, 0% used [0x00000000e3e00000,0x00000000e3e00000,0x00000000e4300000)
 ParOldGen       total 84992K, used 7991K [0x00000000a0000000, 0x00000000a5300000, 0x00000000e0000000)
  object space 84992K, 9% used [0x00000000a0000000,0x00000000a07cdd00,0x00000000a5300000)
 Metaspace       used 20601K, capacity 21046K, committed 21248K, reserved 1067008K
  class space    used 2862K, capacity 3034K, committed 3072K, reserved 1048576K
}
Event: 1.533 GC heap before
{Heap before GC invocations=5 (full 0):
 PSYoungGen      total 68608K, used 7689K [0x00000000e0000000, 0x00000000e4800000, 0x0000000100000000)
  eden space 63488K, 4% used [0x00000000e0000000,0x00000000e0285708,0x00000000e3e00000)
  from space 5120K, 99% used [0x00000000e4300000,0x00000000e47fd050,0x00000000e4800000)
  to   space 5120K, 0% used [0x00000000e3e00000,0x00000000e3e00000,0x00000000e4300000)
 ParOldGen       total 84992K, used 7991K [0x00000000a0000000, 0x00000000a5300000, 0x00000000e0000000)
  object space 84992K, 9% used [0x00000000a0000000,0x00000000a07cdd00,0x00000000a5300000)
 Metaspace       used 20746K, capacity 21110K, committed 21248K, reserved 1067008K
  class space    used 2876K, capacity 3034K, committed 3072K, reserved 1048576K
Event: 1.539 GC heap after
Heap after GC invocations=5 (full 0):
 PSYoungGen      total 68608K, used 5108K [0x00000000e0000000, 0x00000000e9100000, 0x0000000100000000)
  eden space 63488K, 0% used [0x00000000e0000000,0x00000000e0000000,0x00000000e3e00000)
  from space 5120K, 99% used [0x00000000e3e00000,0x00000000e42fd030,0x00000000e4300000)
  to   space 10752K, 0% used [0x00000000e8680000,0x00000000e8680000,0x00000000e9100000)
 ParOldGen       total 84992K, used 8320K [0x00000000a0000000, 0x00000000a5300000, 0x00000000e0000000)
  object space 84992K, 9% used [0x00000000a0000000,0x00000000a0820290,0x00000000a5300000)
 Metaspace       used 20746K, capacity 21110K, committed 21248K, reserved 1067008K
  class space    used 2876K, capacity 3034K, committed 3072K, reserved 1048576K
}
Event: 1.539 GC heap before
{Heap before GC invocations=6 (full 1):
 PSYoungGen      total 68608K, used 5108K [0x00000000e0000000, 0x00000000e9100000, 0x0000000100000000)
  eden space 63488K, 0% used [0x00000000e0000000,0x00000000e0000000,0x00000000e3e00000)
  from space 5120K, 99% used [0x00000000e3e00000,0x00000000e42fd030,0x00000000e4300000)
  to   space 10752K, 0% used [0x00000000e8680000,0x00000000e8680000,0x00000000e9100000)
 ParOldGen       total 84992K, used 8320K [0x00000000a0000000, 0x00000000a5300000, 0x00000000e0000000)
  object space 84992K, 9% used [0x00000000a0000000,0x00000000a0820290,0x00000000a5300000)
 Metaspace       used 20746K, capacity 21110K, committed 21248K, reserved 1067008K
  class space    used 2876K, capacity 3034K, committed 3072K, reserved 1048576K
Event: 1.567 GC heap after
Heap after GC invocations=6 (full 1):
 PSYoungGen      total 68608K, used 0K [0x00000000e0000000, 0x00000000e9100000, 0x0000000100000000)
  eden space 63488K, 0% used [0x00000000e0000000,0x00000000e0000000,0x00000000e3e00000)
  from space 5120K, 0% used [0x00000000e3e00000,0x00000000e3e00000,0x00000000e4300000)
  to   space 10752K, 0% used [0x00000000e8680000,0x00000000e8680000,0x00000000e9100000)
 ParOldGen       total 50176K, used 6939K [0x00000000a0000000, 0x00000000a3100000, 0x00000000e0000000)
  object space 50176K, 13% used [0x00000000a0000000,0x00000000a06c6e68,0x00000000a3100000)
 Metaspace       used 20746K, capacity 21110K, committed 21248K, reserved 1067008K
  class space    used 2876K, capacity 3034K, committed 3072K, reserved 1048576K
}
Event: 2.094 GC heap before
{Heap before GC invocations=7 (full 1):
 PSYoungGen      total 68608K, used 63488K [0x00000000e0000000, 0x00000000e9100000, 0x0000000100000000)
  eden space 63488K, 100% used [0x00000000e0000000,0x00000000e3e00000,0x00000000e3e00000)
  from space 5120K, 0% used [0x00000000e3e00000,0x00000000e3e00000,0x00000000e4300000)
  to   space 10752K, 0% used [0x00000000e8680000,0x00000000e8680000,0x00000000e9100000)
 ParOldGen       total 50176K, used 6939K [0x00000000a0000000, 0x00000000a3100000, 0x00000000e0000000)
  object space 50176K, 13% used [0x00000000a0000000,0x00000000a06c6e68,0x00000000a3100000)
 Metaspace       used 25954K, capacity 26456K, committed 26624K, reserved 1073152K
  class space    used 3534K, capacity 3720K, committed 3840K, reserved 1048576K
Event: 2.100 GC heap after
Heap after GC invocations=7 (full 1):
 PSYoungGen      total 120320K, used 6748K [0x00000000e0000000, 0x00000000e8d80000, 0x0000000100000000)
  eden space 113152K, 0% used [0x00000000e0000000,0x00000000e0000000,0x00000000e6e80000)
  from space 7168K, 94% used [0x00000000e8680000,0x00000000e8d172a0,0x00000000e8d80000)
  to   space 10240K, 0% used [0x00000000e7980000,0x00000000e7980000,0x00000000e8380000)
 ParOldGen       total 50176K, used 6947K [0x00000000a0000000, 0x00000000a3100000, 0x00000000e0000000)
  object space 50176K, 13% used [0x00000000a0000000,0x00000000a06c8e68,0x00000000a3100000)
 Metaspace       used 25954K, capacity 26456K, committed 26624K, reserved 1073152K
  class space    used 3534K, capacity 3720K, committed 3840K, reserved 1048576K
}
Event: 3.525 GC heap before
{Heap before GC invocations=8 (full 1):
 PSYoungGen      total 120320K, used 119900K [0x00000000e0000000, 0x00000000e8d80000, 0x0000000100000000)
  eden space 113152K, 100% used [0x00000000e0000000,0x00000000e6e80000,0x00000000e6e80000)
  from space 7168K, 94% used [0x00000000e8680000,0x00000000e8d172a0,0x00000000e8d80000)
  to   space 10240K, 0% used [0x00000000e7980000,0x00000000e7980000,0x00000000e8380000)
 ParOldGen       total 50176K, used 6947K [0x00000000a0000000, 0x00000000a3100000, 0x00000000e0000000)
  object space 50176K, 13% used [0x00000000a0000000,0x00000000a06c8e68,0x00000000a3100000)
 Metaspace       used 33041K, capacity 33670K, committed 33792K, reserved 1079296K
  class space    used 4519K, capacity 4780K, committed 4864K, reserved 1048576K

