# JRE version: OpenJDK Runtime Environment (8.0_152-b01) (build 1.8.0_152-release-915-b01)
# Java VM: OpenJDK 64-Bit Server VM (25.152-b01 mixed mode linux-amd64 compressed oops)
Heap:
 PSYoungGen      total 122368K, used 10215K [0x00000000e0000000, 0x00000000e8d00000, 0x0000000100000000)
  eden space 112128K, 0% used [0x00000000e0000000,0x00000000e0000000,0x00000000e6d80000)
  from space 10240K, 99% used [0x00000000e7900000,0x00000000e82f9f58,0x00000000e8300000)
  to   space 6656K, 0% used [0x00000000e8680000,0x00000000e8680000,0x00000000e8d00000)
 ParOldGen       total 50688K, used 8341K [0x00000000a0000000, 0x00000000a3180000, 0x00000000e0000000)
  object space 50688K, 16% used [0x00000000a0000000,0x00000000a0825618,0x00000000a3180000)
 Metaspace       used 32398K, capacity 33062K, committed 33280K, reserved 1077248K
  class space    used 4471K, capacity 4748K, committed 4864K, reserved 1048576K
GC Heap History (10 events):
Event: 1.112 GC heap after
Heap after GC invocations=3 (full 0):
 PSYoungGen      total 36864K, used 5105K [0x00000000e0000000, 0x00000000e4800000, 0x0000000100000000)
  eden space 31744K, 0% used [0x00000000e0000000,0x00000000e0000000,0x00000000e1f00000)
  from space 5120K, 99% used [0x00000000e1f00000,0x00000000e23fc5b8,0x00000000e2400000)
  to   space 5120K, 0% used [0x00000000e4300000,0x00000000e4300000,0x00000000e4800000)
 ParOldGen       total 84992K, used 3499K [0x00000000a0000000, 0x00000000a5300000, 0x00000000e0000000)
  object space 84992K, 4% used [0x00000000a0000000,0x00000000a036ae98,0x00000000a5300000)
 Metaspace       used 15079K, capacity 15490K, committed 15616K, reserved 1062912K
  class space    used 2144K, capacity 2279K, committed 2304K, reserved 1048576K
}
Event: 1.506 GC heap before
{Heap before GC invocations=4 (full 0):
 PSYoungGen      total 36864K, used 36849K [0x00000000e0000000, 0x00000000e4800000, 0x0000000100000000)
  eden space 31744K, 100% used [0x00000000e0000000,0x00000000e1f00000,0x00000000e1f00000)
  from space 5120K, 99% used [0x00000000e1f00000,0x00000000e23fc5b8,0x00000000e2400000)
  to   space 5120K, 0% used [0x00000000e4300000,0x00000000e4300000,0x00000000e4800000)
 ParOldGen       total 84992K, used 3499K [0x00000000a0000000, 0x00000000a5300000, 0x00000000e0000000)
  object space 84992K, 4% used [0x00000000a0000000,0x00000000a036ae98,0x00000000a5300000)
 Metaspace       used 20706K, capacity 21110K, committed 21248K, reserved 1067008K
  class space    used 2873K, capacity 3034K, committed 3072K, reserved 1048576K
Event: 1.516 GC heap after
Heap after GC invocations=4 (full 0):
 PSYoungGen      total 68608K, used 5108K [0x00000000e0000000, 0x00000000e4800000, 0x0000000100000000)
  eden space 63488K, 0% used [0x00000000e0000000,0x00000000e0000000,0x00000000e3e00000)
  from space 5120K, 99% used [0x00000000e4300000,0x00000000e47fd050,0x00000000e4800000)
  to   space 5120K, 0% used [0x00000000e3e00000,0x00000000e3e00000,0x00000000e4300000)
 ParOldGen       total 84992K, used 7899K [0x00000000a0000000, 0x00000000a5300000, 0x00000000e0000000)
  object space 84992K, 9% used [0x00000000a0000000,0x00000000a07b6e80,0x00000000a5300000)
 Metaspace       used 20706K, capacity 21110K, committed 21248K, reserved 1067008K
  class space    used 2873K, capacity 3034K, committed 3072K, reserved 1048576K
}
Event: 1.534 GC heap before
{Heap before GC invocations=5 (full 0):
 PSYoungGen      total 68608K, used 7702K [0x00000000e0000000, 0x00000000e4800000, 0x0000000100000000)
  eden space 63488K, 4% used [0x00000000e0000000,0x00000000e0288820,0x00000000e3e00000)
  from space 5120K, 99% used [0x00000000e4300000,0x00000000e47fd050,0x00000000e4800000)
  to   space 5120K, 0% used [0x00000000e3e00000,0x00000000e3e00000,0x00000000e4300000)
 ParOldGen       total 84992K, used 7899K [0x00000000a0000000, 0x00000000a5300000, 0x00000000e0000000)
  object space 84992K, 9% used [0x00000000a0000000,0x00000000a07b6e80,0x00000000a5300000)
 Metaspace       used 20758K, capacity 21110K, committed 21248K, reserved 1067008K
  class space    used 2879K, capacity 3034K, committed 3072K, reserved 1048576K
Event: 1.541 GC heap after
Heap after GC invocations=5 (full 0):
 PSYoungGen      total 68608K, used 5088K [0x00000000e0000000, 0x00000000e9100000, 0x0000000100000000)
  eden space 63488K, 0% used [0x00000000e0000000,0x00000000e0000000,0x00000000e3e00000)
  from space 5120K, 99% used [0x00000000e3e00000,0x00000000e42f8020,0x00000000e4300000)
  to   space 10752K, 0% used [0x00000000e8680000,0x00000000e8680000,0x00000000e9100000)
 ParOldGen       total 84992K, used 8104K [0x00000000a0000000, 0x00000000a5300000, 0x00000000e0000000)
  object space 84992K, 9% used [0x00000000a0000000,0x00000000a07ea1e0,0x00000000a5300000)
 Metaspace       used 20758K, capacity 21110K, committed 21248K, reserved 1067008K
  class space    used 2879K, capacity 3034K, committed 3072K, reserved 1048576K
}
Event: 1.541 GC heap before
{Heap before GC invocations=6 (full 1):
 PSYoungGen      total 68608K, used 5088K [0x00000000e0000000, 0x00000000e9100000, 0x0000000100000000)
  eden space 63488K, 0% used [0x00000000e0000000,0x00000000e0000000,0x00000000e3e00000)
  from space 5120K, 99% used [0x00000000e3e00000,0x00000000e42f8020,0x00000000e4300000)
  to   space 10752K, 0% used [0x00000000e8680000,0x00000000e8680000,0x00000000e9100000)
 ParOldGen       total 84992K, used 8104K [0x00000000a0000000, 0x00000000a5300000, 0x00000000e0000000)
  object space 84992K, 9% used [0x00000000a0000000,0x00000000a07ea1e0,0x00000000a5300000)
 Metaspace       used 20758K, capacity 21110K, committed 21248K, reserved 1067008K
  class space    used 2879K, capacity 3034K, committed 3072K, reserved 1048576K
Event: 1.574 GC heap after
Heap after GC invocations=6 (full 1):
 PSYoungGen      total 68608K, used 0K [0x00000000e0000000, 0x00000000e9100000, 0x0000000100000000)
  eden space 63488K, 0% used [0x00000000e0000000,0x00000000e0000000,0x00000000e3e00000)
  from space 5120K, 0% used [0x00000000e3e00000,0x00000000e3e00000,0x00000000e4300000)
  to   space 10752K, 0% used [0x00000000e8680000,0x00000000e8680000,0x00000000e9100000)
 ParOldGen       total 50688K, used 6794K [0x00000000a0000000, 0x00000000a3180000, 0x00000000e0000000)
  object space 50688K, 13% used [0x00000000a0000000,0x00000000a06a2a18,0x00000000a3180000)
 Metaspace       used 20758K, capacity 21110K, committed 21248K, reserved 1067008K
  class space    used 2879K, capacity 3034K, committed 3072K, reserved 1048576K
}
Event: 2.116 GC heap before
{Heap before GC invocations=7 (full 1):
 PSYoungGen      total 68608K, used 63488K [0x00000000e0000000, 0x00000000e9100000, 0x0000000100000000)
  eden space 63488K, 100% used [0x00000000e0000000,0x00000000e3e00000,0x00000000e3e00000)
  from space 5120K, 0% used [0x00000000e3e00000,0x00000000e3e00000,0x00000000e4300000)
  to   space 10752K, 0% used [0x00000000e8680000,0x00000000e8680000,0x00000000e9100000)
 ParOldGen       total 50688K, used 6794K [0x00000000a0000000, 0x00000000a3180000, 0x00000000e0000000)
  object space 50688K, 13% used [0x00000000a0000000,0x00000000a06a2a18,0x00000000a3180000)
 Metaspace       used 25974K, capacity 26514K, committed 26880K, reserved 1073152K
  class space    used 3536K, capacity 3719K, committed 3840K, reserved 1048576K
Event: 2.125 GC heap after
Heap after GC invocations=7 (full 1):
 PSYoungGen      total 118784K, used 6615K [0x00000000e0000000, 0x00000000e8d00000, 0x0000000100000000)
  eden space 112128K, 0% used [0x00000000e0000000,0x00000000e0000000,0x00000000e6d80000)
  from space 6656K, 99% used [0x00000000e8680000,0x00000000e8cf5f38,0x00000000e8d00000)
  to   space 10240K, 0% used [0x00000000e7900000,0x00000000e7900000,0x00000000e8300000)
 ParOldGen       total 50688K, used 6802K [0x00000000a0000000, 0x00000000a3180000, 0x00000000e0000000)
  object space 50688K, 13% used [0x00000000a0000000,0x00000000a06a4a18,0x00000000a3180000)
 Metaspace       used 25974K, capacity 26514K, committed 26880K, reserved 1073152K
  class space    used 3536K, capacity 3719K, committed 3840K, reserved 1048576K
}
Event: 3.148 GC heap before
{Heap before GC invocations=8 (full 1):
 PSYoungGen      total 118784K, used 118743K [0x00000000e0000000, 0x00000000e8d00000, 0x0000000100000000)
  eden space 112128K, 100% used [0x00000000e0000000,0x00000000e6d80000,0x00000000e6d80000)
  from space 6656K, 99% used [0x00000000e8680000,0x00000000e8cf5f38,0x00000000e8d00000)
  to   space 10240K, 0% used [0x00000000e7900000,0x00000000e7900000,0x00000000e8300000)
 ParOldGen       total 50688K, used 6802K [0x00000000a0000000, 0x00000000a3180000, 0x00000000e0000000)
  object space 50688K, 13% used [0x00000000a0000000,0x00000000a06a4a18,0x00000000a3180000)
 Metaspace       used 32398K, capacity 33062K, committed 33280K, reserved 1077248K
  class space    used 4471K, capacity 4748K, committed 4864K, reserved 1048576K

